2025-11-22 14:09:56 - src.core.ai_analyzer - INFO - AI Analyzer initialized with mock model
2025-11-22 14:09:56 - src.services.db_service - INFO - Database tables ensured
2025-11-22 14:09:56 - __main__ - INFO - Webhook router included successfully
2025-11-22 14:09:56 - src.core.ai_analyzer - INFO - AI Analyzer initialized with mock model
2025-11-22 14:09:56 - src.services.db_service - INFO - Database tables ensured
2025-11-22 14:09:56 - src.services.db_service - INFO - Database tables ensured
2025-11-22 14:09:56 - __main__ - INFO - Fraud router included successfully
2025-11-22 14:09:56 - src.services.db_service - INFO - Database tables ensured
2025-11-22 14:09:56 - __main__ - INFO - Alerts router included successfully
2025-11-22 14:19:51 - src.core.ai_analyzer - INFO - AI Analyzer initialized with mock model
2025-11-22 14:19:51 - __main__ - INFO - Webhook router included successfully
2025-11-22 14:19:51 - src.core.ai_analyzer - INFO - AI Analyzer initialized with mock model
2025-11-22 14:19:51 - __main__ - INFO - Fraud router included successfully
2025-11-22 14:19:51 - __main__ - INFO - Alerts router included successfully
2025-11-22 14:28:23 - src.core.ai_analyzer - INFO - AI Analyzer initialized with mock model
2025-11-22 14:28:23 - src.core.ai_analyzer - INFO - AI Analyzer initialized with mock model
2025-11-22 14:32:03 - src.core.ai_analyzer - INFO - AI Analyzer initialized with mock model
2025-11-22 14:32:03 - src.core.ai_analyzer - INFO - AI Analyzer initialized with mock model
2025-11-22 14:32:19 - src.services.db_service - INFO - Database tables ensured
2025-11-22 14:46:11 - src.core.ai_analyzer - INFO - AI Analyzer initialized with mock model
2025-11-22 14:46:11 - src.core.ai_analyzer - INFO - AI Analyzer initialized with mock model
2025-11-22 14:46:33 - src.services.db_service - INFO - Database tables ensured
2025-11-22 14:46:40 - src.services.db_service - INFO - Database tables ensured
2025-11-22 15:02:13 - src.services.db_service - INFO - Resolved alert 1
2025-11-22 15:02:14 - src.services.db_service - INFO - Resolved alert 3
2025-11-22 15:02:19 - src.services.db_service - INFO - Resolved alert 2
2025-11-22 15:02:27 - src.services.db_service - INFO - Resolved alert 5
2025-11-22 15:02:29 - src.services.db_service - INFO - Resolved alert 4
2025-11-22 10:53:13 - src.core.ai_analyzer - INFO - AI Analyzer initialized with mock model
2025-11-22 10:53:13 - src.services.db_service - INFO - Database tables ensured
2025-11-22 10:53:13 - src.services.db_service - INFO - Stored analysis result for test/repo
2025-11-22 10:53:13 - src.services.db_service - ERROR - Error storing alert: no such table: alerts
2025-11-22 10:53:13 - src.services.db_service - INFO - Database tables ensured
2025-11-22 10:53:13 - src.core.ai_analyzer - INFO - AI Analyzer initialized with mock model
2025-11-22 10:53:13 - src.core.fraud_engine - INFO - Starting fraud analysis for repository: test/repo
2025-11-22 10:53:13 - src.services.db_service - INFO - Database tables ensured
2025-11-22 10:53:13 - src.services.db_service - INFO - Stored analysis result for test/repo
2025-11-22 10:53:13 - src.core.fraud_engine - INFO - Fraud analysis completed. Risk score: 0.4858585232875854
2025-11-22 10:53:13 - src.core.ai_analyzer - INFO - AI Analyzer initialized with mock model
2025-11-22 10:53:13 - src.core.ai_analyzer - INFO - AI Analyzer initialized with mock model
2025-11-22 10:53:13 - src.core.fraud_engine - INFO - Analyzing commit: abc123
2025-11-22 10:53:13 - src.services.db_service - INFO - Stored commit analysis for abc123
